<?xml version="1.0" encoding="UTF-8"?>
<!-- Generated by org.testng.reporters.JUnitReportReporter -->
<testsuite hostname="HASEEFRAWTHAR" failures="0" tests="2" name="com.bounceadmin.testscript.Tax" time="11.659" errors="0" timestamp="2022-01-23T16:42:09 IST" skipped="0">
  <testcase classname="com.bounceadmin.testscript.Tax" name="checkCountries" time="7.429"/>
  <system-out/>
  <testcase classname="com.bounceadmin.testscript.Tax" name="editTax" time="4.230"/>
  <system-out/>
</testsuite> <!-- com.bounceadmin.testscript.Tax -->
