<?xml version="1.0" encoding="UTF-8"?>
<!-- Generated by org.testng.reporters.JUnitReportReporter -->
<testsuite hostname="HASEEFRAWTHAR" failures="0" tests="2" name="com.bounceadmin.testscript.LvcReport" time="12.828" errors="0" timestamp="2022-01-23T16:42:09 IST" skipped="0">
  <testcase classname="com.bounceadmin.testscript.LvcReport" name="filterReportByCountry" time="9.556"/>
  <system-out/>
  <testcase classname="com.bounceadmin.testscript.LvcReport" name="filterReportByNurseryName" time="3.272"/>
  <system-out/>
</testsuite> <!-- com.bounceadmin.testscript.LvcReport -->
