<?xml version="1.0" encoding="UTF-8"?>
<!-- Generated by org.testng.reporters.JUnitReportReporter -->
<testsuite hostname="HASEEFRAWTHAR" failures="0" tests="5" name="com.bounceadmin.testscript.SalesAndCollectionReport" time="34.834" errors="0" timestamp="2022-01-23T16:42:09 IST" skipped="0">
  <testcase classname="com.bounceadmin.testscript.SalesAndCollectionReport" name="filterByCountry" time="11.611"/>
  <system-out/>
  <testcase classname="com.bounceadmin.testscript.SalesAndCollectionReport" name="filterByNursery" time="4.905"/>
  <system-out/>
  <testcase classname="com.bounceadmin.testscript.SalesAndCollectionReport" name="filterByCountryNursery" time="4.891"/>
  <system-out/>
  <testcase classname="com.bounceadmin.testscript.SalesAndCollectionReport" name="verifyPrintClickCancel" time="5.523"/>
  <system-out/>
  <testcase classname="com.bounceadmin.testscript.SalesAndCollectionReport" name="verifyPrintClickPrint" time="7.904"/>
  <system-out/>
</testsuite> <!-- com.bounceadmin.testscript.SalesAndCollectionReport -->
