<?xml version="1.0" encoding="UTF-8"?>
<!-- Generated by org.testng.reporters.JUnitReportReporter -->
<testsuite hostname="HASEEFRAWTHAR" failures="0" tests="2" name="com.bounceadmin.testscript.ResourceDetailReport" time="10.340" errors="0" timestamp="2022-01-23T16:42:09 IST" skipped="0">
  <testcase classname="com.bounceadmin.testscript.ResourceDetailReport" name="filterReportByNurseryName" time="7.723"/>
  <system-out/>
  <testcase classname="com.bounceadmin.testscript.ResourceDetailReport" name="filterReportByCountry" time="2.617"/>
  <system-out/>
</testsuite> <!-- com.bounceadmin.testscript.ResourceDetailReport -->
