<?xml version="1.0" encoding="UTF-8"?>
<!-- Generated by org.testng.reporters.JUnitReportReporter -->
<testsuite hostname="HASEEFRAWTHAR" failures="0" tests="4" name="com.bounceadmin.testscript.OTPList" time="30.300" errors="0" timestamp="2022-01-23T16:42:09 IST" skipped="0">
  <testcase classname="com.bounceadmin.testscript.OTPList" name="verifyHeadersAndfilterByStatus" time="10.121"/>
  <system-out/>
  <testcase classname="com.bounceadmin.testscript.OTPList" name="filterByPhoneCode" time="3.419"/>
  <system-out/>
  <testcase classname="com.bounceadmin.testscript.OTPList" name="verifySortForPhoneNumber" time="8.497"/>
  <system-out/>
  <testcase classname="com.bounceadmin.testscript.OTPList" name="verifySortForCreatedDate" time="8.263"/>
  <system-out/>
</testsuite> <!-- com.bounceadmin.testscript.OTPList -->
