<?xml version="1.0" encoding="UTF-8"?>
<!-- Generated by org.testng.reporters.JUnitReportReporter -->
<testsuite hostname="HASEEFRAWTHAR" failures="0" tests="52" name="com.bounceadmin.testscript.ListNursery" time="529.623" errors="0" timestamp="2022-01-23T16:42:09 IST" skipped="0">
  <testcase classname="com.bounceadmin.testscript.ListNursery" name="filterByNurseryName" time="16.827"/>
  <system-out/>
  <testcase classname="com.bounceadmin.testscript.ListNursery" name="filterByStatus" time="21.294"/>
  <system-out/>
  <testcase classname="com.bounceadmin.testscript.ListNursery" name="filterByCountry" time="18.856"/>
  <system-out/>
  <testcase classname="com.bounceadmin.testscript.ListNursery" name="filterByEmail" time="4.495"/>
  <system-out/>
  <testcase classname="com.bounceadmin.testscript.ListNursery" name="filterByPhoneNumber" time="4.455"/>
  <system-out/>
  <testcase classname="com.bounceadmin.testscript.ListNursery" name="filterByCountryCode" time="11.462"/>
  <system-out/>
  <testcase classname="com.bounceadmin.testscript.ListNursery" name="filterByAccess" time="27.880"/>
  <system-out/>
  <testcase classname="com.bounceadmin.testscript.ListNursery" name="filterByNurseryNameAndStatus" time="11.569"/>
  <system-out/>
  <testcase classname="com.bounceadmin.testscript.ListNursery" name="filterByNurseryNameAndEmail" time="4.798"/>
  <system-out/>
  <testcase classname="com.bounceadmin.testscript.ListNursery" name="filterByNurseryNameAndCountry" time="11.872"/>
  <system-out/>
  <testcase classname="com.bounceadmin.testscript.ListNursery" name="filterByNurseryNameAndCountryCode" time="10.381"/>
  <system-out/>
  <testcase classname="com.bounceadmin.testscript.ListNursery" name="filterByNurseryNameAndPhone" time="4.567"/>
  <system-out/>
  <testcase classname="com.bounceadmin.testscript.ListNursery" name="filterByNurseryNameAndAccess" time="11.467"/>
  <system-out/>
  <testcase classname="com.bounceadmin.testscript.ListNursery" name="filterByStatusAndEmail" time="4.598"/>
  <system-out/>
  <testcase classname="com.bounceadmin.testscript.ListNursery" name="filterByStatusAndCountry" time="24.727"/>
  <system-out/>
  <testcase classname="com.bounceadmin.testscript.ListNursery" name="filterByStatusAndCountryCode" time="18.124"/>
  <system-out/>
  <testcase classname="com.bounceadmin.testscript.ListNursery" name="filterByStatusAndPhone" time="4.424"/>
  <system-out/>
  <testcase classname="com.bounceadmin.testscript.ListNursery" name="filterByStatusAndAccess" time="35.929"/>
  <system-out/>
  <testcase classname="com.bounceadmin.testscript.ListNursery" name="filterByEmailAndCountry" time="4.851"/>
  <system-out/>
  <testcase classname="com.bounceadmin.testscript.ListNursery" name="filterByEmailAndCountryCode" time="4.279"/>
  <system-out/>
  <testcase classname="com.bounceadmin.testscript.ListNursery" name="filterByEmailAndPhone" time="4.568"/>
  <system-out/>
  <testcase classname="com.bounceadmin.testscript.ListNursery" name="filterByEmailAndAccess" time="4.614"/>
  <system-out/>
  <testcase classname="com.bounceadmin.testscript.ListNursery" name="filterByCountryAndCountryCode" time="18.837"/>
  <system-out/>
  <testcase classname="com.bounceadmin.testscript.ListNursery" name="filterByCountryAndPhone" time="4.483"/>
  <system-out/>
  <testcase classname="com.bounceadmin.testscript.ListNursery" name="filterByCountryAndAccess" time="30.298"/>
  <system-out/>
  <testcase classname="com.bounceadmin.testscript.ListNursery" name="filterByCountryCodeAndPhone" time="4.616"/>
  <system-out/>
  <testcase classname="com.bounceadmin.testscript.ListNursery" name="filterByCountryCodeAndAccess" time="20.746"/>
  <system-out/>
  <testcase classname="com.bounceadmin.testscript.ListNursery" name="filterByPhoneAndAccess" time="4.842"/>
  <system-out/>
  <testcase classname="com.bounceadmin.testscript.ListNursery" name="filterByNurseryNameStatusAndEmail" time="4.942"/>
  <system-out/>
  <testcase classname="com.bounceadmin.testscript.ListNursery" name="filterByNurseryNameStatusAndCountry" time="14.869"/>
  <system-out/>
  <testcase classname="com.bounceadmin.testscript.ListNursery" name="filterByNurseryNameStatusAndCountryCode" time="12.388"/>
  <system-out/>
  <testcase classname="com.bounceadmin.testscript.ListNursery" name="filterByNurseryNameStatusAndPhone" time="4.785"/>
  <system-out/>
  <testcase classname="com.bounceadmin.testscript.ListNursery" name="filterByNurseryNameStatusAndAccess" time="14.597"/>
  <system-out/>
  <testcase classname="com.bounceadmin.testscript.ListNursery" name="filterByNameEmailAndCountry" time="4.954"/>
  <system-out/>
  <testcase classname="com.bounceadmin.testscript.ListNursery" name="filterByNameEmailAndCountryCode" time="4.695"/>
  <system-out/>
  <testcase classname="com.bounceadmin.testscript.ListNursery" name="filterByNameEmailAndPhone" time="4.808"/>
  <system-out/>
  <testcase classname="com.bounceadmin.testscript.ListNursery" name="filterByStatusEmailAndCountry" time="4.678"/>
  <system-out/>
  <testcase classname="com.bounceadmin.testscript.ListNursery" name="filterByStatusCountryAndCountryCode" time="22.701"/>
  <system-out/>
  <testcase classname="com.bounceadmin.testscript.ListNursery" name="filterByStatusCountryAndPhone" time="4.555"/>
  <system-out/>
  <testcase classname="com.bounceadmin.testscript.ListNursery" name="filterByNameCountryAndPhone" time="4.823"/>
  <system-out/>
  <testcase classname="com.bounceadmin.testscript.ListNursery" name="filterByEmailCountryAndPhone" time="4.803"/>
  <system-out/>
  <testcase classname="com.bounceadmin.testscript.ListNursery" name="filterNurseryByNameEmailCountryAndPhone" time="5.203"/>
  <system-out/>
  <testcase classname="com.bounceadmin.testscript.ListNursery" name="filterNurseryByNameEmailCountryCountrycodeAndPhone" time="5.447"/>
  <system-out/>
  <testcase classname="com.bounceadmin.testscript.ListNursery" name="filterNurseryByNameStatusCountryPhone" time="4.401"/>
  <system-out/>
  <testcase classname="com.bounceadmin.testscript.ListNursery" name="filterNurseryByNameStatusEmailCountryCountrycodeAndPhone" time="4.606"/>
  <system-out/>
  <testcase classname="com.bounceadmin.testscript.ListNursery" name="filterNurseryByStatusEmailCountryCountryCodeAndPhone" time="4.956"/>
  <system-out/>
  <testcase classname="com.bounceadmin.testscript.ListNursery" name="filterNurseryList" time="5.032"/>
  <system-out/>
  <testcase classname="com.bounceadmin.testscript.ListNursery" name="verifySortForNurseryName" time="8.491"/>
  <system-out/>
  <testcase classname="com.bounceadmin.testscript.ListNursery" name="verifySortForNurseryEmail" time="8.510"/>
  <system-out/>
  <testcase classname="com.bounceadmin.testscript.ListNursery" name="verifySortForCountry" time="8.391"/>
  <system-out/>
  <testcase classname="com.bounceadmin.testscript.ListNursery" name="verifySortForCreatedDate" time="8.492"/>
  <system-out/>
  <testcase classname="com.bounceadmin.testscript.ListNursery" name="verifySortForStatus" time="8.637"/>
  <system-out/>
</testsuite> <!-- com.bounceadmin.testscript.ListNursery -->
