<?xml version="1.0" encoding="UTF-8"?>
<!-- Generated by org.testng.reporters.JUnitReportReporter -->
<testsuite hostname="HASEEFRAWTHAR" failures="0" tests="22" name="com.bounceadmin.testscript.StaffList" time="167.977" errors="0" timestamp="2022-01-23T16:42:09 IST" skipped="0">
  <testcase classname="com.bounceadmin.testscript.StaffList" name="listAndViewStaffDetails" time="10.965"/>
  <system-out/>
  <testcase classname="com.bounceadmin.testscript.StaffList" name="deactivateStaff" time="8.598"/>
  <system-out/>
  <testcase classname="com.bounceadmin.testscript.StaffList" name="activateStaff" time="8.358"/>
  <system-out/>
  <testcase classname="com.bounceadmin.testscript.StaffList" name="verifyMultiRolesForSingleName" time="6.472"/>
  <system-out/>
  <testcase classname="com.bounceadmin.testscript.StaffList" name="filterStaffByName" time="4.764"/>
  <system-out/>
  <testcase classname="com.bounceadmin.testscript.StaffList" name="filterStaffByEmail" time="4.158"/>
  <system-out/>
  <testcase classname="com.bounceadmin.testscript.StaffList" name="filterStaffByStatus" time="28.980"/>
  <system-out/>
  <testcase classname="com.bounceadmin.testscript.StaffList" name="filterStaffByRole" time="7.400"/>
  <system-out/>
  <testcase classname="com.bounceadmin.testscript.StaffList" name="filterStaffByNameAndEmail" time="5.971"/>
  <system-out/>
  <testcase classname="com.bounceadmin.testscript.StaffList" name="filterStaffByNameAndStatus" time="5.424"/>
  <system-out/>
  <testcase classname="com.bounceadmin.testscript.StaffList" name="filterStaffByNameAndRole" time="3.816"/>
  <system-out/>
  <testcase classname="com.bounceadmin.testscript.StaffList" name="filterStaffByEmailAndStatus" time="5.732"/>
  <system-out/>
  <testcase classname="com.bounceadmin.testscript.StaffList" name="filterStaffByEmailAndRole" time="3.933"/>
  <system-out/>
  <testcase classname="com.bounceadmin.testscript.StaffList" name="filterStaffByStatusAndRole" time="9.147"/>
  <system-out/>
  <testcase classname="com.bounceadmin.testscript.StaffList" name="filterStaffByNameEmailAndRole" time="4.598"/>
  <system-out/>
  <testcase classname="com.bounceadmin.testscript.StaffList" name="filterStaffByNameEmailAndStatus" time="6.813"/>
  <system-out/>
  <testcase classname="com.bounceadmin.testscript.StaffList" name="filterStaffByEmailStatusAndRole" time="4.699"/>
  <system-out/>
  <testcase classname="com.bounceadmin.testscript.StaffList" name="filterStaffByNameStatusAndRole" time="3.998"/>
  <system-out/>
  <testcase classname="com.bounceadmin.testscript.StaffList" name="filterStaff" time="4.973"/>
  <system-out/>
  <testcase classname="com.bounceadmin.testscript.StaffList" name="verifySortForEmail" time="9.726"/>
  <system-out/>
  <testcase classname="com.bounceadmin.testscript.StaffList" name="verifySortForName" time="9.741"/>
  <system-out/>
  <testcase classname="com.bounceadmin.testscript.StaffList" name="verifySortForStatus" time="9.711"/>
  <system-out/>
</testsuite> <!-- com.bounceadmin.testscript.StaffList -->
