<?xml version="1.0" encoding="UTF-8"?>
<!-- Generated by org.testng.reporters.JUnitReportReporter -->
<testsuite hostname="HASEEF" failures="0" tests="10" name="com.bounceadmin.testscript.TransferList" time="61.845" errors="0" timestamp="2021-06-21T11:35:26 IST" skipped="0">
  <testcase classname="com.bounceadmin.testscript.TransferList" name="filterByNurseryName" time="8.922"/>
  <system-out/>
  <testcase classname="com.bounceadmin.testscript.TransferList" name="filterByDate" time="3.856"/>
  <system-out/>
  <testcase classname="com.bounceadmin.testscript.TransferList" name="filterByStatus" time="7.177"/>
  <system-out/>
  <testcase classname="com.bounceadmin.testscript.TransferList" name="verifyPrintClickPrint" time="4.068"/>
  <system-out/>
  <testcase classname="com.bounceadmin.testscript.TransferList" name="verifyPrintClickCancel" time="2.687"/>
  <system-out/>
  <testcase classname="com.bounceadmin.testscript.TransferList" name="verifySortForTransferReqId" time="7.058"/>
  <system-out/>
  <testcase classname="com.bounceadmin.testscript.TransferList" name="verifySortForBankName" time="6.936"/>
  <system-out/>
  <testcase classname="com.bounceadmin.testscript.TransferList" name="verifySortForBounceCommision" time="7.179"/>
  <system-out/>
  <testcase classname="com.bounceadmin.testscript.TransferList" name="verifySortForDeduction" time="7.046"/>
  <system-out/>
  <testcase classname="com.bounceadmin.testscript.TransferList" name="verifySortForAddition" time="6.916"/>
  <system-out/>
</testsuite> <!-- com.bounceadmin.testscript.TransferList -->
