<?xml version="1.0" encoding="UTF-8"?>
<!-- Generated by org.testng.reporters.JUnitReportReporter -->
<testsuite hostname="HASEEFRAWTHAR" failures="0" tests="25" name="com.bounceadmin.testscript.PaymentTransactionsList" time="667.768" errors="0" timestamp="2022-01-23T16:42:09 IST" skipped="0">
  <testcase classname="com.bounceadmin.testscript.PaymentTransactionsList" name="filterByDate" time="9.563"/>
  <system-out/>
  <testcase classname="com.bounceadmin.testscript.PaymentTransactionsList" name="filterByFromDate" time="106.920"/>
  <system-out/>
  <testcase classname="com.bounceadmin.testscript.PaymentTransactionsList" name="filterByToDate" time="16.537"/>
  <system-out/>
  <testcase classname="com.bounceadmin.testscript.PaymentTransactionsList" name="filterByFromDateAndToDate" time="4.936"/>
  <system-out/>
  <testcase classname="com.bounceadmin.testscript.PaymentTransactionsList" name="filterByPayMode" time="118.156"/>
  <system-out/>
  <testcase classname="com.bounceadmin.testscript.PaymentTransactionsList" name="filterByPaymentGateway" time="74.197"/>
  <system-out/>
  <testcase classname="com.bounceadmin.testscript.PaymentTransactionsList" name="filterByPaymentMethod" time="35.835"/>
  <system-out/>
  <testcase classname="com.bounceadmin.testscript.PaymentTransactionsList" name="filterByNurseryName" time="5.939"/>
  <system-out/>
  <testcase classname="com.bounceadmin.testscript.PaymentTransactionsList" name="filterByTransactionStatus" time="60.283"/>
  <system-out/>
  <testcase classname="com.bounceadmin.testscript.PaymentTransactionsList" name="filterByDepositeStatus" time="0.562"/>
  <system-out/>
  <testcase classname="com.bounceadmin.testscript.PaymentTransactionsList" name="filterByPaymentGatewayRefId" time="4.896"/>
  <system-out/>
  <testcase classname="com.bounceadmin.testscript.PaymentTransactionsList" name="filterByPayModeGatewayMethod" time="68.842"/>
  <system-out/>
  <testcase classname="com.bounceadmin.testscript.PaymentTransactionsList" name="filterByPayModeGatewayMethodTransactionStatus" time="49.214"/>
  <system-out/>
  <testcase classname="com.bounceadmin.testscript.PaymentTransactionsList" name="filterByPayModeGatewayMethodTransactionStatDepoStat" time="7.098"/>
  <system-out/>
  <testcase classname="com.bounceadmin.testscript.PaymentTransactionsList" name="verifyPrintClickPrint" time="8.625"/>
  <system-out/>
  <testcase classname="com.bounceadmin.testscript.PaymentTransactionsList" name="verifyPrintClickCancel" time="3.062"/>
  <system-out/>
  <testcase classname="com.bounceadmin.testscript.PaymentTransactionsList" name="verifySortForCustomerRefId" time="9.228"/>
  <system-out/>
  <testcase classname="com.bounceadmin.testscript.PaymentTransactionsList" name="verifySortForBounceId" time="9.334"/>
  <system-out/>
  <testcase classname="com.bounceadmin.testscript.PaymentTransactionsList" name="verifySortForNurseryName" time="9.958"/>
  <system-out/>
  <testcase classname="com.bounceadmin.testscript.PaymentTransactionsList" name="verifySortForPayDate" time="9.835"/>
  <system-out/>
  <testcase classname="com.bounceadmin.testscript.PaymentTransactionsList" name="verifySortForAmount" time="9.748"/>
  <system-out/>
  <testcase classname="com.bounceadmin.testscript.PaymentTransactionsList" name="verifySortForPayGateway" time="11.165"/>
  <system-out/>
  <testcase classname="com.bounceadmin.testscript.PaymentTransactionsList" name="verifySortForPayMethod" time="11.370"/>
  <system-out/>
  <testcase classname="com.bounceadmin.testscript.PaymentTransactionsList" name="verifySortForPayMode" time="11.231"/>
  <system-out/>
  <testcase classname="com.bounceadmin.testscript.PaymentTransactionsList" name="verifySortForGatewayRefId" time="11.234"/>
  <system-out/>
</testsuite> <!-- com.bounceadmin.testscript.PaymentTransactionsList -->
