<?xml version="1.0" encoding="UTF-8"?>
<!-- Generated by org.testng.reporters.JUnitReportReporter -->
<testsuite hostname="HASEEFRAWTHAR" failures="0" tests="3" name="com.bounceadmin.testscript.Dashboard" time="18.573" errors="0" timestamp="2022-01-23T16:42:09 IST" skipped="0">
  <testcase classname="com.bounceadmin.testscript.Dashboard" name="verifyDashboardData" time="3.624"/>
  <system-out/>
  <testcase classname="com.bounceadmin.testscript.Dashboard" name="switchToBounceSuperAdmin" time="8.470"/>
  <system-out/>
  <testcase classname="com.bounceadmin.testscript.Dashboard" name="switchToBounceAdmin" time="6.479"/>
  <system-out/>
</testsuite> <!-- com.bounceadmin.testscript.Dashboard -->
