<?xml version="1.0" encoding="UTF-8"?>
<!-- Generated by org.testng.reporters.JUnitReportReporter -->
<testsuite hostname="HASEEFRAWTHAR" failures="0" tests="2" name="com.bounceadmin.testscript.ActivityReport" time="13.200" errors="0" timestamp="2022-01-23T16:42:09 IST" skipped="0">
  <testcase classname="com.bounceadmin.testscript.ActivityReport" name="filterReportByCountry" time="9.183"/>
  <system-out/>
  <testcase classname="com.bounceadmin.testscript.ActivityReport" name="filterReportByNurseryName" time="4.017"/>
  <system-out/>
</testsuite> <!-- com.bounceadmin.testscript.ActivityReport -->
