<?xml version="1.0" encoding="UTF-8"?>
<!-- Generated by org.testng.reporters.JUnitReportReporter -->
<testsuite hostname="HASEEFRAWTHAR" failures="0" tests="9" name="com.bounceadmin.testscript.AddNursery" time="193.699" errors="0" timestamp="2022-01-23T17:16:34 IST" skipped="0">
  <testcase classname="com.bounceadmin.testscript.AddNursery" name="verifyMandatoryMsgVisibleWithoutOnlinePayment" time="7.241"/>
  <system-out/>
  <testcase classname="com.bounceadmin.testscript.AddNursery" name="verifyMandatoryMsgVisibleWithOnlinePayment" time="5.652"/>
  <system-out/>
  <testcase classname="com.bounceadmin.testscript.AddNursery" name="verifyMandatoryMsgVisibleForOwner" time="2.428"/>
  <system-out/>
  <testcase classname="com.bounceadmin.testscript.AddNursery" name="verifyAddNurserywithMnadatoryOnly" time="23.086"/>
  <system-out/>
  <testcase classname="com.bounceadmin.testscript.AddNursery" name="verifyAddNurserywithAllFieldsWithOutOnlinePayment" time="37.256"/>
  <system-out/>
  <testcase classname="com.bounceadmin.testscript.AddNursery" name="AddNurseryWithOnlinePayment" time="30.212"/>
  <system-out/>
  <testcase classname="com.bounceadmin.testscript.AddNursery" name="verifyAddNurserywithAllFieldsWithOnlinePayment" time="46.017"/>
  <system-out/>
  <testcase classname="com.bounceadmin.testscript.AddNursery" name="listandViewNurseryDetails" time="20.747"/>
  <system-out/>
  <testcase classname="com.bounceadmin.testscript.AddNursery" name="editNursery" time="21.060"/>
  <system-out/>
</testsuite> <!-- com.bounceadmin.testscript.AddNursery -->
