<?xml version="1.0" encoding="UTF-8"?>
<!-- Generated by org.testng.reporters.JUnitReportReporter -->
<testsuite hostname="HASEEFRAWTHAR" failures="0" tests="5" name="com.bounceadmin.testscript.LogIn" time="32.939" errors="0" timestamp="2022-01-23T16:42:09 IST" skipped="0">
  <testcase classname="com.bounceadmin.testscript.LogIn" name="invalidEmail" time="3.259"/>
  <system-out/>
  <testcase classname="com.bounceadmin.testscript.LogIn" name="invalidCredentials" time="2.862"/>
  <system-out/>
  <testcase classname="com.bounceadmin.testscript.LogIn" name="noCredentials" time="1.409"/>
  <system-out/>
  <testcase classname="com.bounceadmin.testscript.LogIn" name="validLoginAsDarisniSuperAdmin" time="11.698"/>
  <system-out/>
  <testcase classname="com.bounceadmin.testscript.LogIn" name="validLoginAsBounceAdmin" time="13.711"/>
  <system-out/>
</testsuite> <!-- com.bounceadmin.testscript.LogIn -->
