<?xml version="1.0" encoding="UTF-8"?>
<!-- Generated by org.testng.reporters.JUnitReportReporter -->
<testsuite hostname="HASEEFRAWTHAR" failures="0" tests="1" name="com.bounceadmin.testscript.NotificationTemplate" time="8.628" errors="0" timestamp="2022-01-23T16:42:09 IST" skipped="0">
  <testcase classname="com.bounceadmin.testscript.NotificationTemplate" name="verifyPresenceOfAllTemplates" time="8.628"/>
  <system-out/>
</testsuite> <!-- com.bounceadmin.testscript.NotificationTemplate -->
