<?xml version="1.0" encoding="UTF-8"?>
<!-- Generated by org.testng.reporters.JUnitReportReporter -->
<testsuite hostname="HASEEFRAWTHAR" failures="0" tests="9" name="com.bounceadmin.testscript.AddStaff" time="90.400" errors="0" timestamp="2022-01-23T17:16:34 IST" skipped="0">
  <testcase classname="com.bounceadmin.testscript.AddStaff" name="verifyMandatoryMsg" time="5.438"/>
  <system-out/>
  <testcase classname="com.bounceadmin.testscript.AddStaff" name="addStaffAsBounceAdmin" time="9.421"/>
  <system-out/>
  <testcase classname="com.bounceadmin.testscript.AddStaff" name="addStaffAsCustomerSupportAgent" time="11.403"/>
  <system-out/>
  <testcase classname="com.bounceadmin.testscript.AddStaff" name="addStaffAsSupportAgent" time="10.925"/>
  <system-out/>
  <testcase classname="com.bounceadmin.testscript.AddStaff" name="addStaffAsTestAdmin" time="10.349"/>
  <system-out/>
  <testcase classname="com.bounceadmin.testscript.AddStaff" name="addStaffAsSupportAdmin" time="10.606"/>
  <system-out/>
  <testcase classname="com.bounceadmin.testscript.AddStaff" name="addStaffAsSupportAgentAssistant" time="10.141"/>
  <system-out/>
  <testcase classname="com.bounceadmin.testscript.AddStaff" name="addStaffAsFinance" time="10.775"/>
  <system-out/>
  <testcase classname="com.bounceadmin.testscript.AddStaff" name="addStaffWithMultiRoles" time="11.342"/>
  <system-out/>
</testsuite> <!-- com.bounceadmin.testscript.AddStaff -->
