<?xml version="1.0" encoding="UTF-8"?>
<!-- Generated by org.testng.reporters.JUnitReportReporter -->
<testsuite hostname="HASEEFRAWTHAR" failures="0" tests="5" name="com.bounceadmin.testscript.SalesCommissionReport" time="47.111" errors="0" timestamp="2022-01-23T16:42:09 IST" skipped="0">
  <testcase classname="com.bounceadmin.testscript.SalesCommissionReport" name="filterByCountry" time="21.320"/>
  <system-out/>
  <testcase classname="com.bounceadmin.testscript.SalesCommissionReport" name="filterByNursery" time="5.034"/>
  <system-out/>
  <testcase classname="com.bounceadmin.testscript.SalesCommissionReport" name="filterByCountryNursery" time="4.907"/>
  <system-out/>
  <testcase classname="com.bounceadmin.testscript.SalesCommissionReport" name="verifyPrintClickCancel" time="6.690"/>
  <system-out/>
  <testcase classname="com.bounceadmin.testscript.SalesCommissionReport" name="verifyPrintClickPrint" time="9.160"/>
  <system-out/>
</testsuite> <!-- com.bounceadmin.testscript.SalesCommissionReport -->
