<?xml version="1.0" encoding="UTF-8"?>
<!-- Generated by org.testng.reporters.JUnitReportReporter -->
<testsuite hostname="HASEEFRAWTHAR" failures="0" tests="1" name="com.bounceadmin.testscript.PaymentGateway" time="4.384" errors="0" timestamp="2022-01-23T16:42:09 IST" skipped="0">
  <testcase classname="com.bounceadmin.testscript.PaymentGateway" name="editCommission" time="4.384"/>
  <system-out/>
</testsuite> <!-- com.bounceadmin.testscript.PaymentGateway -->
