<?xml version="1.0" encoding="UTF-8"?>
<!-- Generated by org.testng.reporters.JUnitReportReporter -->
<testsuite hostname="HASEEFRAWTHAR" failures="0" tests="9" name="com.bounceadmin.testscript.ActiveStudents" time="313.592" errors="0" timestamp="2022-01-23T16:42:09 IST" skipped="0">
  <testcase classname="com.bounceadmin.testscript.ActiveStudents" name="filterByCountry" time="49.013"/>
  <system-out/>
  <testcase classname="com.bounceadmin.testscript.ActiveStudents" name="filterByNurseryName" time="42.780"/>
  <system-out/>
  <testcase classname="com.bounceadmin.testscript.ActiveStudents" name="filterByCountryNursery" time="74.301"/>
  <system-out/>
  <testcase classname="com.bounceadmin.testscript.ActiveStudents" name="filterByCountryNurseryFromDate" time="56.614"/>
  <system-out/>
  <testcase classname="com.bounceadmin.testscript.ActiveStudents" name="filterByCountryNurseryToDate" time="46.809"/>
  <system-out/>
  <testcase classname="com.bounceadmin.testscript.ActiveStudents" name="filterByCountryFromAndToDate" time="11.674"/>
  <system-out/>
  <testcase classname="com.bounceadmin.testscript.ActiveStudents" name="filterByNurseryFromAndToDate" time="11.923"/>
  <system-out/>
  <testcase classname="com.bounceadmin.testscript.ActiveStudents" name="filterByCountryNurserySameDate" time="6.078"/>
  <system-out/>
  <testcase classname="com.bounceadmin.testscript.ActiveStudents" name="filterByCountryNurseryFromAndToDate" time="14.400"/>
  <system-out/>
</testsuite> <!-- com.bounceadmin.testscript.ActiveStudents -->
