<?xml version="1.0" encoding="UTF-8"?>
<!-- Generated by org.testng.reporters.JUnitReportReporter -->
<testsuite hostname="HASEEF" failures="0" tests="2" name="com.bounceadmin.testscript.DAUReport" time="258.377" errors="0" timestamp="2021-06-18T12:10:24 IST" skipped="0">
  <testcase classname="com.bounceadmin.testscript.DAUReport" name="filterReportByCountry" time="114.045"/>
  <system-out/>
  <testcase classname="com.bounceadmin.testscript.DAUReport" name="filterReportByNurseryName" time="144.332"/>
  <system-out/>
</testsuite> <!-- com.bounceadmin.testscript.DAUReport -->
